c:\users\admin\source\repos\dungeon_adventure\dungeon_adventure\x64\debug\vc143.pdb
c:\users\admin\source\repos\dungeon_adventure\dungeon_adventure\x64\debug\vc143.idb
c:\users\admin\source\repos\dungeon_adventure\dungeon_adventure\x64\debug\tile.obj
c:\users\admin\source\repos\dungeon_adventure\dungeon_adventure\x64\debug\texture.obj
c:\users\admin\source\repos\dungeon_adventure\dungeon_adventure\x64\debug\openingscreen.obj
c:\users\admin\source\repos\dungeon_adventure\dungeon_adventure\x64\debug\object.obj
c:\users\admin\source\repos\dungeon_adventure\dungeon_adventure\x64\debug\map.obj
c:\users\admin\source\repos\dungeon_adventure\dungeon_adventure\x64\debug\key.obj
c:\users\admin\source\repos\dungeon_adventure\dungeon_adventure\x64\debug\player.obj
c:\users\admin\source\repos\dungeon_adventure\dungeon_adventure\x64\debug\game.obj
c:\users\admin\source\repos\dungeon_adventure\dungeon_adventure\x64\debug\level.obj
c:\users\admin\source\repos\dungeon_adventure\dungeon_adventure\x64\debug\menu.obj
c:\users\admin\source\repos\dungeon_adventure\x64\debug\dungeon_adventure.exe
c:\users\admin\source\repos\dungeon_adventure\x64\debug\dungeon_adventure.pdb
c:\users\admin\source\repos\dungeon_adventure\dungeon_adventure\x64\debug\dungeon_adventure.ilk
c:\users\admin\source\repos\dungeon_adventure\dungeon_adventure\x64\debug\atlas.obj
c:\users\admin\source\repos\dungeon_adventure\dungeon_adventure\x64\debug\draw.obj
c:\users\admin\source\repos\dungeon_adventure\dungeon_adventure\x64\debug\dungeon.obj
c:\users\admin\source\repos\dungeon_adventure\dungeon_adventure\x64\debug\entities.obj
c:\users\admin\source\repos\dungeon_adventure\dungeon_adventure\x64\debug\init.obj
c:\users\admin\source\repos\dungeon_adventure\dungeon_adventure\x64\debug\input.obj
c:\users\admin\source\repos\dungeon_adventure\dungeon_adventure\x64\debug\library.obj
c:\users\admin\source\repos\dungeon_adventure\dungeon_adventure\x64\debug\main.obj
c:\users\admin\source\repos\dungeon_adventure\dungeon_adventure\x64\debug\util.obj
c:\users\admin\source\repos\dungeon_adventure\dungeon_adventure\x64\debug\player.obj.enc
c:\users\admin\source\repos\dungeon_adventure\dungeon_adventure\x64\debug\dungeon_.20268b9a.tlog\cl.command.1.tlog
c:\users\admin\source\repos\dungeon_adventure\dungeon_adventure\x64\debug\dungeon_.20268b9a.tlog\cl.items.tlog
c:\users\admin\source\repos\dungeon_adventure\dungeon_adventure\x64\debug\dungeon_.20268b9a.tlog\cl.read.1.tlog
c:\users\admin\source\repos\dungeon_adventure\dungeon_adventure\x64\debug\dungeon_.20268b9a.tlog\cl.write.1.tlog
c:\users\admin\source\repos\dungeon_adventure\dungeon_adventure\x64\debug\dungeon_.20268b9a.tlog\link.command.1.tlog
c:\users\admin\source\repos\dungeon_adventure\dungeon_adventure\x64\debug\dungeon_.20268b9a.tlog\link.read.1.tlog
c:\users\admin\source\repos\dungeon_adventure\dungeon_adventure\x64\debug\dungeon_.20268b9a.tlog\link.secondary.1.tlog
c:\users\admin\source\repos\dungeon_adventure\dungeon_adventure\x64\debug\dungeon_.20268b9a.tlog\link.write.1.tlog
